[2026-04-18 12:33:06] === Nowa sesja chunkowania ===
[2026-04-18 12:33:06] Inicjalizacja DocumentChunker
[2026-04-18 12:33:06] Katalog wejściowy: test_files
[2026-04-18 12:33:06] Katalog wyjściowy: ./chunk
[2026-04-18 12:33:06] Rozmiar chunka: 4096 tokenów
[2026-04-18 12:33:06] Rozpoczynanie skanowania katalogu: test_files
[2026-04-18 12:33:06] Przetwarzanie pliku: sample.md (.md)
[2026-04-18 12:33:06] Wykryto rozdziałów: 2
[2026-04-18 12:33:06] Utworzono chunków: 1
[2026-04-18 12:33:06] Zakończono przetwarzanie: sample.md
[2026-04-18 12:33:06] Przetwarzanie pliku: sample.odt (.odt)
[2026-04-18 12:33:06] Błąd wykonania komendy: odt2txt dla pliku: test_files/sample.odt
[2026-04-18 12:33:06] Błąd: Nie udało się wczytać zawartości pliku: sample.odt
[2026-04-18 12:33:06] Przetwarzanie pliku: sample.txt (.txt)
[2026-04-18 12:33:06] Wykryto rozdziałów: 1
[2026-04-18 12:33:06] Utworzono chunków: 1
[2026-04-18 12:33:06] Zakończono przetwarzanie: sample.txt
[2026-04-18 12:33:06] === Podsumowanie ===
[2026-04-18 12:33:06] Przetworzono plików: 2
[2026-04-18 12:33:06] Pominięto (duplikaty/błędy): 1
[2026-04-18 12:33:06] Łączna liczba chunków w katalogu: 1
[2026-04-18 12:59:08] === Nowa sesja chunkowania ===
[2026-04-18 12:59:08] Inicjalizacja DocumentChunker
[2026-04-18 12:59:08] Katalog wejściowy: ./input
[2026-04-18 12:59:08] Katalog wyjściowy: ./chunk
[2026-04-18 12:59:08] Rozmiar chunka: 4096 tokenów
[2026-04-18 12:59:08] Rozpoczynanie skanowania katalogu: ./input
[2026-04-18 12:59:08] Przetwarzanie pliku: test2.md (.md)
[2026-04-18 12:59:08] Wykryto rozdziałów: 2
[2026-04-18 12:59:08] Utworzono chunków: 1
[2026-04-18 12:59:08] Zakończono przetwarzanie: test2.md
[2026-04-18 12:59:08] Przetwarzanie pliku: test1.txt (.txt)
[2026-04-18 12:59:08] Wykryto rozdziałów: 1
[2026-04-18 12:59:08] Utworzono chunków: 1
[2026-04-18 12:59:08] Zakończono przetwarzanie: test1.txt
[2026-04-18 12:59:08] Przetwarzanie pliku: sample_document.txt (.txt)
[2026-04-18 12:59:08] Wykryto rozdziałów: 5
[2026-04-18 12:59:08] Utworzono chunków: 1
[2026-04-18 12:59:08] Zakończono przetwarzanie: sample_document.txt
[2026-04-18 12:59:08] Przetwarzanie pliku: large_document.txt (.txt)
[2026-04-18 12:59:08] Wykryto rozdziałów: 23
[2026-04-18 12:59:08] Utworzono chunków: 1
[2026-04-18 12:59:08] Zakończono przetwarzanie: large_document.txt
[2026-04-18 12:59:08] === Podsumowanie ===
[2026-04-18 12:59:08] Przetworzono plików: 4
[2026-04-18 12:59:08] Pominięto (duplikaty/błędy): 0
[2026-04-18 12:59:08] Łączna liczba chunków w katalogu: 5
[2026-04-18 12:59:50] === Nowa sesja chunkowania ===
[2026-04-18 12:59:50] Inicjalizacja DocumentChunker
[2026-04-18 12:59:50] Katalog wejściowy: ./input
[2026-04-18 12:59:50] Katalog wyjściowy: ./chunk
[2026-04-18 12:59:50] Rozmiar chunka: 4096 tokenów
[2026-04-18 12:59:50] Rozpoczynanie skanowania katalogu: ./input
[2026-04-18 12:59:50] Przetwarzanie pliku: test2.md (.md)
[2026-04-18 12:59:50] Wykryto rozdziałów: 2
[2026-04-18 12:59:50] Utworzono chunków: 1
[2026-04-18 12:59:50] Zakończono przetwarzanie: test2.md
[2026-04-18 12:59:50] Przetwarzanie pliku: test1.txt (.txt)
[2026-04-18 12:59:50] Wykryto rozdziałów: 1
[2026-04-18 12:59:50] Utworzono chunków: 1
[2026-04-18 12:59:50] Zakończono przetwarzanie: test1.txt
[2026-04-18 12:59:50] Przetwarzanie pliku: sample_document.txt (.txt)
[2026-04-18 12:59:50] Wykryto rozdziałów: 5
[2026-04-18 12:59:50] Utworzono chunków: 1
[2026-04-18 12:59:50] Zakończono przetwarzanie: sample_document.txt
[2026-04-18 12:59:50] Przetwarzanie pliku: large_document.txt (.txt)
[2026-04-18 12:59:50] Wykryto rozdziałów: 23
[2026-04-18 12:59:50] Utworzono chunków: 1
[2026-04-18 12:59:50] Zakończono przetwarzanie: large_document.txt
[2026-04-18 12:59:50] === Podsumowanie ===
[2026-04-18 12:59:50] Przetworzono plików: 4
[2026-04-18 12:59:50] Pominięto (duplikaty/błędy): 0
[2026-04-18 12:59:50] Łączna liczba chunków w katalogu: 5
